[19:06:33] [WARNING] mysql_connect: no password specified
[19:10:04] [WARNING] mysql_connect: no password specified
[19:14:08] [WARNING] mysql_connect: no password specified
[19:23:14] [WARNING] mysql_connect: no password specified
[19:28:05] [WARNING] mysql_connect: no password specified
[19:39:37] [WARNING] mysql_connect: no password specified
[19:40:18] [WARNING] mysql_connect: no password specified
[19:42:17] [WARNING] mysql_connect: no password specified
[19:45:54] [ERROR] CConnection::CConnection - establishing connection to MySQL database failed: #1045 'Access denied for user 'username'@'localhost' (using password: YES)'
[19:45:54] [ERROR] CConnection::CConnection - establishing connection to MySQL database failed: #1045 'Access denied for user 'username'@'localhost' (using password: YES)'
[19:45:54] [ERROR] CConnection::CConnection - establishing connection to MySQL database failed: #1045 'Access denied for user 'username'@'localhost' (using password: YES)'
[19:45:54] [ERROR] CConnection::CConnection - establishing connection to MySQL database failed: #1045 'Access denied for user 'username'@'localhost' (using password: YES)'
[19:45:55] [ERROR] CConnection::CConnection - establishing connection to MySQL database failed: #1045 'Access denied for user 'username'@'localhost' (using password: YES)'
[19:45:55] [ERROR] CConnection::CConnection - establishing connection to MySQL database failed: #1045 'Access denied for user 'username'@'localhost' (using password: YES)'
[19:45:55] [ERROR] CConnection::CConnection - establishing connection to MySQL database failed: #1045 'Access denied for user 'username'@'localhost' (using password: YES)'
[19:45:55] [ERROR] CConnection::CConnection - establishing connection to MySQL database failed: #1045 'Access denied for user 'username'@'localhost' (using password: YES)'
[19:45:56] [ERROR] CConnection::CConnection - establishing connection to MySQL database failed: #1045 'Access denied for user 'username'@'localhost' (using password: YES)'
[19:45:56] [ERROR] CConnection::CConnection - establishing connection to MySQL database failed: #1045 'Access denied for user 'username'@'localhost' (using password: YES)'
[19:45:56] [ERROR] CConnection::CConnection - establishing connection to MySQL database failed: #1045 'Access denied for user 'username'@'localhost' (using password: YES)'
[19:45:56] [ERROR] CConnection::CConnection - establishing connection to MySQL database failed: #1045 'Access denied for user 'username'@'localhost' (using password: YES)'
[19:45:57] [ERROR] CConnection::CConnection - establishing connection to MySQL database failed: #1045 'Access denied for user 'username'@'localhost' (using password: YES)'
[19:45:57] [ERROR] CConnection::CConnection - establishing connection to MySQL database failed: #1045 'Access denied for user 'username'@'localhost' (using password: YES)'
[19:45:57] [ERROR] CConnection::CConnection - establishing connection to MySQL database failed: #1045 'Access denied for user 'username'@'localhost' (using password: YES)'
[19:45:57] [ERROR] CConnection::CConnection - establishing connection to MySQL database failed: #1045 'Access denied for user 'username'@'localhost' (using password: YES)'
[19:45:57] [ERROR] CConnection::CConnection - establishing connection to MySQL database failed: #1045 'Access denied for user 'username'@'localhost' (using password: YES)'
[19:45:57] [ERROR] CConnection::CConnection - establishing connection to MySQL database failed: #1045 'Access denied for user 'username'@'localhost' (using password: YES)'
[19:45:57] [ERROR] CConnection::CConnection - establishing connection to MySQL database failed: #1045 'Access denied for user 'username'@'localhost' (using password: YES)'
[19:45:57] [ERROR] CConnection::CConnection - establishing connection to MySQL database failed: #1045 'Access denied for user 'username'@'localhost' (using password: YES)'
[19:47:02] [WARNING] mysql_connect: no password specified
[19:48:49] [WARNING] mysql_connect: no password specified
[19:57:27] [WARNING] mysql_connect: no password specified
[19:58:33] [WARNING] mysql_connect: no password specified
[19:59:53] [WARNING] mysql_connect: no password specified
[20:04:42] [WARNING] mysql_connect: no password specified
[20:06:55] [WARNING] mysql_connect: no password specified
[20:08:52] [WARNING] mysql_connect: no password specified
[20:09:25] [WARNING] mysql_connect: no password specified
[20:09:44] [ERROR] orm_setkey: orm error: variable not found
[20:09:44] [ERROR] orm_select: orm error: no key variable set
[20:09:44] [ERROR] orm_setkey: orm error: variable not found
[20:09:44] [ERROR] orm_select: orm error: no key variable set
[20:10:42] [WARNING] mysql_connect: no password specified
[20:10:49] [ERROR] orm_setkey: orm error: variable not found
[20:10:49] [ERROR] orm_select: orm error: no key variable set
[20:10:50] [ERROR] orm_setkey: orm error: variable not found
[20:10:50] [ERROR] orm_select: orm error: no key variable set
[20:10:50] [ERROR] orm_setkey: orm error: variable not found
[20:10:50] [ERROR] orm_select: orm error: no key variable set
[20:10:50] [ERROR] orm_setkey: orm error: variable not found
[20:10:50] [ERROR] orm_select: orm error: no key variable set
[20:10:50] [ERROR] orm_setkey: orm error: variable not found
[20:10:50] [ERROR] orm_select: orm error: no key variable set
[20:12:08] [WARNING] mysql_connect: no password specified
[20:12:16] [ERROR] orm_setkey: orm error: variable not found
[20:12:16] [ERROR] orm_select: orm error: no key variable set
[20:12:36] [WARNING] mysql_connect: no password specified
[20:12:53] [WARNING] mysql_connect: no password specified
[20:13:39] [WARNING] mysql_connect: no password specified
[20:15:09] [WARNING] mysql_connect: no password specified
[20:15:21] [ERROR] orm_setkey: orm error: variable not found
[20:15:24] [ERROR] orm_setkey: orm error: variable not found
[20:15:33] [WARNING] mysql_connect: no password specified
[20:16:02] [ERROR] orm_setkey: orm error: variable not found
[20:17:45] [WARNING] mysql_connect: no password specified
[20:17:51] [ERROR] orm_setkey: orm error: variable not found
[20:19:43] [WARNING] mysql_connect: no password specified
[20:21:15] [WARNING] mysql_connect: no password specified
[20:22:19] [WARNING] mysql_connect: no password specified
[20:24:03] [WARNING] mysql_connect: no password specified
[20:25:44] [WARNING] mysql_connect: no password specified
[20:26:31] [WARNING] mysql_connect: no password specified
[20:28:44] [WARNING] mysql_connect: no password specified
[20:31:14] [WARNING] mysql_connect: no password specified
[20:34:56] [WARNING] mysql_connect: no password specified
[20:36:32] [WARNING] mysql_connect: no password specified
[20:36:39] [ERROR] orm_setkey: orm error: variable not found
[20:36:39] [ERROR] orm_select: orm error: no key variable set
[20:36:40] [ERROR] orm_setkey: orm error: variable not found
[20:36:40] [ERROR] orm_select: orm error: no key variable set
[20:36:40] [ERROR] orm_setkey: orm error: variable not found
[20:36:40] [ERROR] orm_select: orm error: no key variable set
[20:36:40] [ERROR] orm_setkey: orm error: variable not found
[20:36:40] [ERROR] orm_select: orm error: no key variable set
[20:36:40] [ERROR] orm_setkey: orm error: variable not found
[20:36:40] [ERROR] orm_select: orm error: no key variable set
[20:36:41] [ERROR] orm_setkey: orm error: variable not found
[20:36:41] [ERROR] orm_select: orm error: no key variable set
[20:36:41] [ERROR] orm_setkey: orm error: variable not found
[20:36:41] [ERROR] orm_select: orm error: no key variable set
[20:36:41] [ERROR] orm_setkey: orm error: variable not found
[20:36:41] [ERROR] orm_select: orm error: no key variable set
[20:36:41] [ERROR] orm_setkey: orm error: variable not found
[20:36:41] [ERROR] orm_select: orm error: no key variable set
[20:36:41] [ERROR] orm_setkey: orm error: variable not found
[20:36:41] [ERROR] orm_select: orm error: no key variable set
[20:36:42] [ERROR] orm_setkey: orm error: variable not found
[20:36:42] [ERROR] orm_select: orm error: no key variable set
[20:36:42] [ERROR] orm_setkey: orm error: variable not found
[20:36:42] [ERROR] orm_select: orm error: no key variable set
[20:36:42] [ERROR] orm_setkey: orm error: variable not found
[20:36:42] [ERROR] orm_select: orm error: no key variable set
[20:36:42] [ERROR] orm_setkey: orm error: variable not found
[20:36:42] [ERROR] orm_select: orm error: no key variable set
[20:36:42] [ERROR] orm_setkey: orm error: variable not found
[20:36:42] [ERROR] orm_select: orm error: no key variable set
[20:36:43] [ERROR] orm_setkey: orm error: variable not found
[20:36:43] [ERROR] orm_select: orm error: no key variable set
[20:36:43] [ERROR] orm_setkey: orm error: variable not found
[20:36:43] [ERROR] orm_select: orm error: no key variable set
[20:36:43] [ERROR] orm_setkey: orm error: variable not found
[20:36:43] [ERROR] orm_select: orm error: no key variable set
[20:36:43] [ERROR] orm_setkey: orm error: variable not found
[20:36:43] [ERROR] orm_select: orm error: no key variable set
[20:36:43] [ERROR] orm_setkey: orm error: variable not found
[20:36:43] [ERROR] orm_select: orm error: no key variable set
[20:36:44] [ERROR] orm_setkey: orm error: variable not found
[20:36:44] [ERROR] orm_select: orm error: no key variable set
[20:37:33] [WARNING] mysql_connect: no password specified
[20:37:38] [WARNING] mysql_connect: no password specified
[20:37:55] [ERROR] orm_setkey: orm error: variable not found
[20:39:29] [WARNING] mysql_connect: no password specified
[20:39:35] [ERROR] orm_setkey: orm error: variable not found
[20:40:22] [WARNING] mysql_connect: no password specified
[20:40:38] [WARNING] mysql_connect: no password specified
[20:40:46] [ERROR] orm_setkey: orm error: variable not found
[20:41:45] [WARNING] mysql_connect: no password specified
[20:42:29] [WARNING] mysql_connect: no password specified
[20:44:49] [WARNING] mysql_connect: no password specified
[20:46:28] [WARNING] mysql_connect: no password specified
[20:47:06] [WARNING] mysql_connect: no password specified
[20:47:36] [WARNING] mysql_connect: no password specified
[20:48:13] [WARNING] mysql_connect: no password specified
[20:48:41] [WARNING] mysql_connect: no password specified
[20:49:17] [WARNING] mysql_connect: no password specified
[20:49:49] [WARNING] mysql_connect: no password specified
[20:52:09] [WARNING] mysql_connect: no password specified
[20:56:58] [WARNING] mysql_connect: no password specified
[20:58:34] [WARNING] mysql_connect: no password specified
[20:59:25] [WARNING] mysql_connect: no password specified
[21:01:55] [WARNING] mysql_connect: no password specified
[21:03:09] [WARNING] mysql_connect: no password specified
[21:14:43] [WARNING] mysql_connect: no password specified
[21:19:20] [WARNING] mysql_connect: no password specified
[22:26:59] [WARNING] mysql_connect: no password specified
[22:55:25] [WARNING] mysql_connect: no password specified
[23:05:05] [WARNING] mysql_connect: no password specified
[23:15:57] [WARNING] mysql_connect: no password specified
[23:20:07] [WARNING] mysql_connect: no password specified
[23:20:11] [WARNING] mysql_connect: no password specified
[23:20:51] [WARNING] mysql_connect: no password specified
[23:33:40] [WARNING] mysql_connect: no password specified
[23:34:24] [WARNING] mysql_connect: no password specified
[23:40:48] [WARNING] mysql_connect: no password specified
[23:40:55] [WARNING] mysql_connect: no password specified
[23:41:21] [WARNING] mysql_connect: no password specified
[23:51:16] [WARNING] mysql_connect: no password specified (C:\Users\plak\Desktop\new_noxe\gamemodes\/sourc/core/mysql.pwn:10 -> C:\pawno\include\YSI_Coding\y_hooks\..\y_cgen\y_cgen.inc:132 -> C:\pawno\include\YSI_Coding\y_hooks\..\..\YSI_Core\y_core\y_scriptinit_impl.inc:1009 -> C:\pawno\include\nex-ac.inc:3462 -> C:\pawno\include\sscanf2.inc:210)
